<?xml version="1.0" encoding="UTF-8"?>
<!-- Generated by org.testng.reporters.JUnitXMLReporter -->
<testsuite ignored="0" hostname="DESKTOP-G3P88A0" failures="0" tests="3" name="Default test" time="15.207" errors="0" timestamp="2023-02-22T20:13:16 IST">
  <testcase classname="assignment1.NewBaseClass" name="function1Test" time="0.363"/>
  <testcase classname="assignment1.NewBaseClass" name="function2Test" time="0.205"/>
  <testcase classname="assignment1.NewBaseClass" name="function3Test" time="0.181"/>
</testsuite> <!-- Default test -->
