<?xml version="1.0" encoding="UTF-8"?>
<!-- Generated by org.testng.reporters.JUnitXMLReporter -->
<testsuite ignored="0" hostname="DESKTOP-G3P88A0" failures="0" tests="4" name="ChromeTest" time="52.866" errors="0" timestamp="2023-02-21T18:11:20 IST">
  <testcase classname="assignment1.BaseClass" name="fullnameTest" time="0.328"/>
  <testcase classname="assignment1.BaseClass" name="passwordTest" time="0.507"/>
  <testcase classname="assignment1.BaseClass" name="phoneTest" time="0.768"/>
  <testcase classname="assignment1.BaseClass" name="signupTest" time="0.918"/>
</testsuite> <!-- ChromeTest -->
