<?xml version="1.0" encoding="UTF-8"?>
<!-- Generated by org.testng.reporters.JUnitXMLReporter -->
<testsuite ignored="0" hostname="DESKTOP-G3P88A0" failures="0" tests="4" name="EdgeTest" time="14.54" errors="0" timestamp="2023-02-21T18:11:35 IST">
  <testcase classname="assignment1.BaseClass" name="phoneTest" time="0.0">
    <skipped/>
  </testcase> <!-- phoneTest -->
  <testcase classname="assignment1.BaseClass" name="passwordTest" time="0.001">
    <skipped/>
  </testcase> <!-- passwordTest -->
  <testcase classname="assignment1.BaseClass" name="signupTest" time="0.0">
    <skipped/>
  </testcase> <!-- signupTest -->
  <testcase classname="assignment1.BaseClass" name="fullnameTest" time="0.0">
    <skipped/>
  </testcase> <!-- fullnameTest -->
</testsuite> <!-- EdgeTest -->
