<?xml version="1.0" encoding="UTF-8"?>
<!-- Generated by org.testng.reporters.JUnitXMLReporter -->
<testsuite ignored="0" hostname="DESKTOP-G3P88A0" failures="0" tests="5" name="VTest" time="30.822" errors="0" timestamp="2023-02-20T13:39:25 IST">
  <testcase classname="assignment1.TestClass" name="signupTest" time="0.459"/>
  <testcase classname="assignment1.TestClass" name="phoneTest" time="1.051"/>
  <testcase classname="assignment1.TestClass" name="passwordTest" time="1.405"/>
  <testcase classname="assignment1.TestClass" name="fullnameTest" time="1.852"/>
  <testcase classname="assignment1.TestClass" name="emailTest" time="2.439"/>
</testsuite> <!-- VTest -->
