<?xml version="1.0" encoding="UTF-8"?>
<testng-results ignored="0" total="3" passed="3" failed="0" skipped="0">
  <reporter-output>
  </reporter-output>
  <suite started-at="2023-02-22T20:13:01 IST" name="Default suite" finished-at="2023-02-22T20:13:16 IST" duration-ms="15207">
    <groups>
    </groups>
    <test started-at="2023-02-22T20:13:01 IST" name="Default test" finished-at="2023-02-22T20:13:16 IST" duration-ms="15207">
      <class name="assignment1.NewBaseClass">
        <test-method is-config="true" signature="setup()[pri:0, instance:assignment1.NewBaseClass@2dc54ad4]" started-at="2023-02-22T20:13:01 IST" name="setup" finished-at="2023-02-22T20:13:09 IST" duration-ms="8323" status="PASS">
          <reporter-output>
          </reporter-output>
        </test-method> <!-- setup -->
        <test-method signature="function1Test()[pri:1, instance:assignment1.NewBaseClass@2dc54ad4]" started-at="2023-02-22T20:13:09 IST" name="function1Test" finished-at="2023-02-22T20:13:10 IST" duration-ms="363" status="PASS">
          <reporter-output>
          </reporter-output>
        </test-method> <!-- function1Test -->
        <test-method is-config="true" signature="staticWait()[pri:0, instance:assignment1.NewBaseClass@2dc54ad4]" started-at="2023-02-22T20:13:10 IST" name="staticWait" finished-at="2023-02-22T20:13:12 IST" duration-ms="2016" status="PASS">
          <reporter-output>
          </reporter-output>
        </test-method> <!-- staticWait -->
        <test-method signature="function2Test()[pri:2, instance:assignment1.NewBaseClass@2dc54ad4]" started-at="2023-02-22T20:13:12 IST" name="function2Test" finished-at="2023-02-22T20:13:12 IST" duration-ms="205" status="PASS">
          <reporter-output>
          </reporter-output>
        </test-method> <!-- function2Test -->
        <test-method is-config="true" signature="staticWait()[pri:0, instance:assignment1.NewBaseClass@2dc54ad4]" started-at="2023-02-22T20:13:12 IST" name="staticWait" finished-at="2023-02-22T20:13:14 IST" duration-ms="2012" status="PASS">
          <reporter-output>
          </reporter-output>
        </test-method> <!-- staticWait -->
        <test-method signature="function3Test()[pri:3, instance:assignment1.NewBaseClass@2dc54ad4]" started-at="2023-02-22T20:13:14 IST" name="function3Test" finished-at="2023-02-22T20:13:14 IST" duration-ms="181" status="PASS">
          <reporter-output>
          </reporter-output>
        </test-method> <!-- function3Test -->
        <test-method is-config="true" signature="staticWait()[pri:0, instance:assignment1.NewBaseClass@2dc54ad4]" started-at="2023-02-22T20:13:14 IST" name="staticWait" finished-at="2023-02-22T20:13:16 IST" duration-ms="2014" status="PASS">
          <reporter-output>
          </reporter-output>
        </test-method> <!-- staticWait -->
      </class> <!-- assignment1.NewBaseClass -->
    </test> <!-- Default test -->
  </suite> <!-- Default suite -->
</testng-results>
